2020-06-19 09:53:16 [[^^]] ERROR [[^^]] Error message(0):  [[^^]] [] [[^^]] []
2020-06-19 09:53:16 [[^^]] ERROR [[^^]] execSqlList =>  [[^^]] {"path":"/settle/test.php","querystring":null,"postdata":{"1":"2020-01-01","2":"2020-06-18"},"SQLSTATE":[],"CODE":[],"MESSAGE":[]} [[^^]] []
2020-06-19 09:54:48 [[^^]] ERROR [[^^]] Error message(0):  [[^^]] [] [[^^]] []
2020-06-19 09:54:48 [[^^]] ERROR [[^^]] execSqlList =>  [[^^]] {"path":"/settle/test.php","querystring":null,"postdata":{"1":"2020-01-01","2":"2020-06-18"},"SQLSTATE":[],"CODE":[],"MESSAGE":[]} [[^^]] []
2020-06-19 09:54:54 [[^^]] ERROR [[^^]] Error message(0):  [[^^]] [] [[^^]] []
2020-06-19 09:54:54 [[^^]] ERROR [[^^]] execSqlList =>  [[^^]] {"path":"/settle/test.php","querystring":null,"postdata":{"1":"2020-01-01","2":"2020-06-18"},"SQLSTATE":[],"CODE":[],"MESSAGE":[]} [[^^]] []
2020-06-19 09:55:01 [[^^]] ERROR [[^^]] Error message(0):  [[^^]] [] [[^^]] []
2020-06-19 09:55:01 [[^^]] ERROR [[^^]] execSqlList =>  [[^^]] {"path":"/settle/custom_report_xls_down.php","querystring":"param%5B%5D=1%3D2020-01-01%262%3D2020-06-18","postdata":[],"SQLSTATE":[],"CODE":[],"MESSAGE":[]} [[^^]] []
2020-06-19 09:55:53 [[^^]] ERROR [[^^]] Error message(0):  [[^^]] [] [[^^]] []
2020-06-19 09:55:53 [[^^]] ERROR [[^^]] execSqlList =>  [[^^]] {"path":"/settle/test.php","querystring":null,"postdata":{"1":"2020-01-01","2":"2020-06-18"},"SQLSTATE":[],"CODE":[],"MESSAGE":[]} [[^^]] []
2020-06-19 10:40:45 [[^^]] ERROR [[^^]] Error message(1064): You have an error in your SQL syntax; check the manual that corresponds to your MySQL server version for the right syntax to use near 'ORDER BY P.product_name' at line 9 [[^^]] [] [[^^]] []
2020-06-19 10:40:45 [[^^]] ERROR [[^^]] execSqlList => SELECT 	P.product_name as '상품명' FROM DY_SETTLE S JOIN DY_PRODUCT P ON S.product_idx = P.product_idx WHERE 	S.settle_date >= '2020-01-01' 	AND S.settle_date <= '2020-06-19' 	AND S.order_unit_price =  ORDER BY P.product_name [[^^]] {"path":"/settle/test.php","querystring":null,"postdata":{"1":"2020-01-01","2":"2020-06-19","33":"","13":""},"SQLSTATE":[],"CODE":[],"MESSAGE":[]} [[^^]] []
2020-06-19 11:17:59 [[^^]] ERROR [[^^]] Error message(1064): You have an error in your SQL syntax; check the manual that corresponds to your MySQL server version for the right syntax to use near 'Array) ORDER BY S.settle_purchase_supply' at line 8 [[^^]] [] [[^^]] []
2020-06-19 11:17:59 [[^^]] ERROR [[^^]] execSqlList => SELECT 	S.settle_purchase_supply as '매입가' FROM DY_SETTLE S  WHERE 	S.settle_date >= '2020-01-01' 	AND S.settle_date <= '2020-06-18' 	AND S.seller_idx IN (Array) ORDER BY S.settle_purchase_supply [[^^]] {"path":"/settle/test.php","querystring":null,"postdata":{"1":"2020-01-01","2":"2020-06-18","29":["20006"],"16":""},"SQLSTATE":[],"CODE":[],"MESSAGE":[]} [[^^]] []
2020-06-19 11:19:23 [[^^]] ERROR [[^^]] Error message(1064): You have an error in your SQL syntax; check the manual that corresponds to your MySQL server version for the right syntax to use near 'Array) ORDER BY S.settle_purchase_supply' at line 8 [[^^]] [] [[^^]] []
2020-06-19 11:19:23 [[^^]] ERROR [[^^]] execSqlList => SELECT 	S.settle_purchase_supply as '매입가' FROM DY_SETTLE S  WHERE 	S.settle_date >= '2020-01-01' 	AND S.settle_date <= '2020-06-18' 	AND S.seller_idx IN (Array) ORDER BY S.settle_purchase_supply [[^^]] {"path":"/settle/test.php","querystring":null,"postdata":{"1":"2020-01-01","2":"2020-06-18","29":["20006"],"16":""},"SQLSTATE":[],"CODE":[],"MESSAGE":[]} [[^^]] []
2020-06-19 11:20:36 [[^^]] ERROR [[^^]] Error message(0):  [[^^]] [] [[^^]] []
2020-06-19 11:20:36 [[^^]] ERROR [[^^]] execSqlList =>  [[^^]] {"path":"/settle/test.php","querystring":null,"postdata":{"1":"2020-01-01","2":"2020-06-18","29":"20010"},"SQLSTATE":[],"CODE":[],"MESSAGE":[]} [[^^]] []
2020-06-19 11:26:29 [[^^]] ERROR [[^^]] Error message(0):  [[^^]] [] [[^^]] []
2020-06-19 11:26:29 [[^^]] ERROR [[^^]] execSqlList =>  [[^^]] {"path":"/settle/test.php","querystring":null,"postdata":{"1":"2020-01-01","2":"2020-06-18","29":"20008"},"SQLSTATE":[],"CODE":[],"MESSAGE":[]} [[^^]] []
