2020-06-20 17:13:23 [[^^]] ERROR [[^^]] Error message(1054): Unknown column 'user_template' in 'where clause' [[^^]] [] [[^^]] []
2020-06-20 17:13:23 [[^^]] ERROR [[^^]] execSqlOneRow => SELECT * FROM DY_CUSTOM_REPORT_ITEM WHERE idx = user_template [[^^]] {"path":"/settle/test.php","querystring":null,"postdata":{"user_template":"","18":"","1":"2020-06-20","2":"2020-06-20","31":"","32":"","19":"","16":""},"SQLSTATE":[],"CODE":[],"MESSAGE":[]} [[^^]] []
2020-06-20 17:13:30 [[^^]] ERROR [[^^]] Error message(1054): Unknown column 'user_template' in 'where clause' [[^^]] [] [[^^]] []
2020-06-20 17:13:30 [[^^]] ERROR [[^^]] execSqlOneRow => SELECT * FROM DY_CUSTOM_REPORT_ITEM WHERE idx = user_template [[^^]] {"path":"/settle/test.php","querystring":null,"postdata":{"user_template":"","18":"","1":"2020-06-20","2":"2020-06-20","19":"","16":""},"SQLSTATE":[],"CODE":[],"MESSAGE":[]} [[^^]] []
2020-06-20 17:13:43 [[^^]] ERROR [[^^]] Error message(1054): Unknown column 'user_template' in 'where clause' [[^^]] [] [[^^]] []
2020-06-20 17:13:43 [[^^]] ERROR [[^^]] execSqlOneRow => SELECT * FROM DY_CUSTOM_REPORT_ITEM WHERE idx = user_template [[^^]] {"path":"/settle/test.php","querystring":null,"postdata":{"user_template":"","18":"","1":"2020-06-20","2":"2020-06-20","16":""},"SQLSTATE":[],"CODE":[],"MESSAGE":[]} [[^^]] []
2020-06-20 17:30:16 [[^^]] ERROR [[^^]] Error message(1054): Unknown column 'user_template' in 'where clause' [[^^]] [] [[^^]] []
2020-06-20 17:30:16 [[^^]] ERROR [[^^]] execSqlOneRow => SELECT * FROM DY_CUSTOM_REPORT_ITEM WHERE idx = user_template [[^^]] {"path":"/settle/test.php","querystring":null,"postdata":{"user_template":"","1":"2020-06-20","2":"2020-06-20","31":"아쿠아픽","19":""},"SQLSTATE":[],"CODE":[],"MESSAGE":[]} [[^^]] []
2020-06-20 17:31:02 [[^^]] ERROR [[^^]] Error message(1054): Unknown column 'user_template' in 'where clause' [[^^]] [] [[^^]] []
2020-06-20 17:31:02 [[^^]] ERROR [[^^]] execSqlOneRow => SELECT * FROM DY_CUSTOM_REPORT_ITEM WHERE idx = user_template [[^^]] {"path":"/settle/test.php","querystring":null,"postdata":{"user_template":"","1":"2020-06-20","2":"2020-06-20","31":"아쿠아픽","19":""},"SQLSTATE":[],"CODE":[],"MESSAGE":[]} [[^^]] []
2020-06-20 17:31:36 [[^^]] ERROR [[^^]] Error message(0):  [[^^]] [] [[^^]] []
2020-06-20 17:31:36 [[^^]] ERROR [[^^]] execSqlList =>  [[^^]] {"path":"/settle/test.php","querystring":null,"postdata":{"1":"2020-06-20","2":"2020-06-20"},"SQLSTATE":[],"CODE":[],"MESSAGE":[]} [[^^]] []
2020-06-20 17:32:09 [[^^]] ERROR [[^^]] Error message(1054): Unknown column 'user_template' in 'where clause' [[^^]] [] [[^^]] []
2020-06-20 17:32:09 [[^^]] ERROR [[^^]] execSqlOneRow => SELECT * FROM DY_CUSTOM_REPORT_ITEM WHERE idx = user_template [[^^]] {"path":"/settle/test.php","querystring":null,"postdata":{"user_template":"","1":"2020-03-23","2":"2020-06-20","16":""},"SQLSTATE":[],"CODE":[],"MESSAGE":[]} [[^^]] []
2020-06-20 17:32:26 [[^^]] ERROR [[^^]] Error message(1054): Unknown column 'user_template' in 'where clause' [[^^]] [] [[^^]] []
2020-06-20 17:32:26 [[^^]] ERROR [[^^]] execSqlOneRow => SELECT * FROM DY_CUSTOM_REPORT_ITEM WHERE idx = user_template [[^^]] {"path":"/settle/test.php","querystring":null,"postdata":{"user_template":"","3":"","1":"2020-03-23","2":"2020-06-20","16":""},"SQLSTATE":[],"CODE":[],"MESSAGE":[]} [[^^]] []
2020-06-20 17:55:39 [[^^]] ERROR [[^^]] Error message(1054): Unknown column 'user_template' in 'where clause' [[^^]] [] [[^^]] []
2020-06-20 17:55:39 [[^^]] ERROR [[^^]] execSqlOneRow => SELECT * FROM DY_CUSTOM_REPORT_ITEM WHERE idx = user_template [[^^]] {"path":"/settle/test.php","querystring":null,"postdata":{"user_template":"","1":"2020-06-14","2":"2020-06-20","16":""},"SQLSTATE":[],"CODE":[],"MESSAGE":[]} [[^^]] []
2020-06-20 17:56:05 [[^^]] ERROR [[^^]] Error message(1054): Unknown column 'user_template' in 'where clause' [[^^]] [] [[^^]] []
2020-06-20 17:56:05 [[^^]] ERROR [[^^]] execSqlOneRow => SELECT * FROM DY_CUSTOM_REPORT_ITEM WHERE idx = user_template [[^^]] {"path":"/settle/test.php","querystring":null,"postdata":{"user_template":"","3":"","1":"2020-03-23","2":"2020-06-20","16":""},"SQLSTATE":[],"CODE":[],"MESSAGE":[]} [[^^]] []
2020-06-20 18:20:32 [[^^]] ERROR [[^^]] Error message(0):  [[^^]] [] [[^^]] []
2020-06-20 18:20:32 [[^^]] ERROR [[^^]] execSqlList =>  [[^^]] {"path":"/settle/test.php","querystring":null,"postdata":{"user_template":"","1":"2020-06-20","2":"2020-06-20"},"SQLSTATE":[],"CODE":[],"MESSAGE":[]} [[^^]] []
2020-06-20 18:21:15 [[^^]] ERROR [[^^]] Error message(0):  [[^^]] [] [[^^]] []
2020-06-20 18:21:15 [[^^]] ERROR [[^^]] execSqlList =>  [[^^]] {"path":"/settle/test.php","querystring":null,"postdata":{"user_template":"","1":"2020-06-20","2":"2020-06-20"},"SQLSTATE":[],"CODE":[],"MESSAGE":[]} [[^^]] []
2020-06-20 18:23:04 [[^^]] ERROR [[^^]] Error message(1054): Unknown column 'mode' in 'where clause' [[^^]] [] [[^^]] []
2020-06-20 18:23:04 [[^^]] ERROR [[^^]] execSqlOneRow => SELECT * FROM DY_CUSTOM_REPORT_ITEM WHERE idx = mode [[^^]] {"path":"/settle/test.php","querystring":null,"postdata":{"mode":"save","idx":"user_template=&1=2020-06-20&2=2020-06-20"},"SQLSTATE":[],"CODE":[],"MESSAGE":[]} [[^^]] []
2020-06-20 18:25:39 [[^^]] ERROR [[^^]] Error message(1054): Unknown column 'mode' in 'where clause' [[^^]] [] [[^^]] []
2020-06-20 18:25:39 [[^^]] ERROR [[^^]] execSqlOneRow => SELECT * FROM DY_CUSTOM_REPORT_ITEM WHERE idx = mode [[^^]] {"path":"/settle/test.php","querystring":null,"postdata":{"mode":"save","idx":"user_template=&1=2020-06-20&2=2020-06-20"},"SQLSTATE":[],"CODE":[],"MESSAGE":[]} [[^^]] []
2020-06-20 18:37:16 [[^^]] ERROR [[^^]] Error message(0):  [[^^]] [] [[^^]] []
2020-06-20 18:37:16 [[^^]] ERROR [[^^]] execSqlList => Array [[^^]] {"path":"/settle/custom_report_ajax.php","querystring":null,"postdata":{"mode":"save","report_data":"user_template=&1=2020-06-20&2=2020-06-20"},"SQLSTATE":[],"CODE":[],"MESSAGE":[]} [[^^]] []
2020-06-20 18:43:07 [[^^]] ERROR [[^^]] Error message(1062): Duplicate entry '0' for key 'PRIMARY' [[^^]] [] [[^^]] []
2020-06-20 18:43:07 [[^^]] ERROR [[^^]] execSqlInsert => INSERT INTO DY_CUSTOM_REPORT_TEMPLATE( 	name	, owner_member	, items	, reg_date ) VALUES ( 	N''	, N'10004'	, N'"user_template=&user_template_name=%ED%85%8C%EC%8A%A4%ED%8A%B8&1=2020-06-20&2=2020-06-20"'	, N'NOW()' ) [[^^]] {"path":"/settle/custom_report_ajax.php","querystring":null,"postdata":{"mode":"save","report_data":"user_template=&user_template_name=%ED%85%8C%EC%8A%A4%ED%8A%B8&1=2020-06-20&2=2020-06-20"},"SQLSTATE":[],"CODE":[],"MESSAGE":[]} [[^^]] []
2020-06-20 18:47:19 [[^^]] ERROR [[^^]] Error message(1062): Duplicate entry '0' for key 'PRIMARY' [[^^]] [] [[^^]] []
2020-06-20 18:47:19 [[^^]] ERROR [[^^]] execSqlInsert => INSERT INTO DY_CUSTOM_REPORT_TEMPLATE( 	name	, owner_member	, items	, reg_date ) VALUES ( 	N'테스트'	, N'10004'	, N'"user_template=&user_template_name=%ED%85%8C%EC%8A%A4%ED%8A%B8&1=2020-06-20&2=2020-06-20"'	, N'NOW()' ) [[^^]] {"path":"/settle/custom_report_ajax.php","querystring":null,"postdata":{"user_template_name":"테스트","report_data":"user_template=&user_template_name=%ED%85%8C%EC%8A%A4%ED%8A%B8&1=2020-06-20&2=2020-06-20"},"SQLSTATE":[],"CODE":[],"MESSAGE":[]} [[^^]] []
2020-06-20 18:50:08 [[^^]] ERROR [[^^]] Error message(1062): Duplicate entry '0' for key 'PRIMARY' [[^^]] [] [[^^]] []
2020-06-20 18:50:08 [[^^]] ERROR [[^^]] execSqlInsert => INSERT INTO DY_CUSTOM_REPORT_TEMPLATE( 	name	, owner_member	, items	, reg_date ) VALUES ( 	N'테스트'	, N'10004'	, N'{"1":"2020-06-20","2":"2020-06-20"}'	, N'NOW()' ) [[^^]] {"path":"/settle/custom_report_ajax.php","querystring":null,"postdata":{"user_template_name":"테스트","report_data":"user_template=&user_template_name=%ED%85%8C%EC%8A%A4%ED%8A%B8&1=2020-06-20&2=2020-06-20"},"SQLSTATE":[],"CODE":[],"MESSAGE":[]} [[^^]] []
2020-06-20 18:53:18 [[^^]] ERROR [[^^]] Error message(1062): Duplicate entry '0' for key 'PRIMARY' [[^^]] [] [[^^]] []
2020-06-20 18:53:18 [[^^]] ERROR [[^^]] execSqlInsert => INSERT INTO DY_CUSTOM_REPORT_TEMPLATE( 	name	, owner_member	, items	, reg_date ) VALUES ( 	N'ㄴㅇㅎ'	, N'10004'	, N'{"1":"2020-06-20","2":"2020-06-20"}'	, N'NOW()' ) [[^^]] {"path":"/settle/custom_report_ajax.php","querystring":null,"postdata":{"user_template_name":"ㄴㅇㅎ","report_data":"user_template=&user_template_name=%E3%84%B4%E3%85%87%E3%85%8E&1=2020-06-20&2=2020-06-20"},"SQLSTATE":[],"CODE":[],"MESSAGE":[]} [[^^]] []
2020-06-20 18:54:00 [[^^]] ERROR [[^^]] Error message(1062): Duplicate entry '0' for key 'PRIMARY' [[^^]] [] [[^^]] []
2020-06-20 18:54:00 [[^^]] ERROR [[^^]] execSqlInsert => INSERT INTO DY_CUSTOM_REPORT_TEMPLATE( 	name	, owner_member	, items	, reg_date ) VALUES ( 	N'ㄴㅇㅎ'	, N'10004'	, N'{"1":"2020-06-20","2":"2020-06-20"}'	, N'NOW()' ) [[^^]] {"path":"/settle/custom_report_ajax.php","querystring":null,"postdata":{"user_template_name":"ㄴㅇㅎ","report_data":"user_template=&user_template_name=%E3%84%B4%E3%85%87%E3%85%8E&1=2020-06-20&2=2020-06-20"},"SQLSTATE":[],"CODE":[],"MESSAGE":[]} [[^^]] []
2020-06-20 19:06:05 [[^^]] ERROR [[^^]] Error message(0):  [[^^]] [] [[^^]] []
2020-06-20 19:06:05 [[^^]] ERROR [[^^]] execSqlList =>  [[^^]] {"path":"/settle/test.php","querystring":null,"postdata":{"user_template":"","user_template_name":"","1":"2020-06-20","2":"2020-06-20","29":["20006","20008"]},"SQLSTATE":[],"CODE":[],"MESSAGE":[]} [[^^]] []
2020-06-20 19:09:48 [[^^]] ERROR [[^^]] Error message(1064): You have an error in your SQL syntax; check the manual that corresponds to your MySQL server version for the right syntax to use near ') 	AND S.settle_is_del = 'N' ORDER BY S.settle_purchase_supply' at line 9 [[^^]] [] [[^^]] []
2020-06-20 19:09:48 [[^^]] ERROR [[^^]] execSqlList => SELECT 	S.settle_purchase_supply as '매입가' FROM DY_SETTLE S  WHERE 	S.settle_date >= '2020-06-20' 	AND S.settle_date <= '2020-06-20' 	AND S.seller_idx IN (20006,20010) 	AND S.supplier_idx IN () 	AND S.settle_is_del = 'N' ORDER BY S.settle_purchase_supply [[^^]] {"path":"/settle/test.php","querystring":null,"postdata":{"user_template":"","user_template_name":"","1":"2020-06-20","2":"2020-06-20","29":["20006","20010"],"16":""},"SQLSTATE":[],"CODE":[],"MESSAGE":[]} [[^^]] []
2020-06-20 19:11:24 [[^^]] ERROR [[^^]] Error message(0):  [[^^]] [] [[^^]] []
2020-06-20 19:11:24 [[^^]] ERROR [[^^]] execSqlList =>  [[^^]] {"path":"/settle/test.php","querystring":null,"postdata":{"user_template":"","user_template_name":"","1":"2020-06-20","2":"2020-06-20","29":["20006","20008"]},"SQLSTATE":[],"CODE":[],"MESSAGE":[]} [[^^]] []
2020-06-20 19:11:38 [[^^]] ERROR [[^^]] Error message(0):  [[^^]] [] [[^^]] []
2020-06-20 19:11:38 [[^^]] ERROR [[^^]] execSqlList => Array [[^^]] {"path":"/settle/test.php","querystring":null,"postdata":{"user_template":"","user_template_name":"","1":"2020-03-23","2":"2020-06-20","29":["20006","20008"],"16":""},"SQLSTATE":[],"CODE":[],"MESSAGE":[]} [[^^]] []
2020-06-20 19:13:01 [[^^]] ERROR [[^^]] Error message(0):  [[^^]] [] [[^^]] []
2020-06-20 19:13:01 [[^^]] ERROR [[^^]] execSqlList => Array [[^^]] {"path":"/settle/test.php","querystring":null,"postdata":{"user_template":"","user_template_name":"","1":"2020-03-23","2":"2020-06-20","29":["20006","20008"],"16":""},"SQLSTATE":[],"CODE":[],"MESSAGE":[]} [[^^]] []
2020-06-20 19:15:20 [[^^]] ERROR [[^^]] Error message(0):  [[^^]] [] [[^^]] []
2020-06-20 19:15:20 [[^^]] ERROR [[^^]] execSqlList => Array [[^^]] {"path":"/settle/test.php","querystring":null,"postdata":{"user_template":"","user_template_name":"","1":"2020-03-23","2":"2020-06-20","29":["20006","20008"],"16":""},"SQLSTATE":[],"CODE":[],"MESSAGE":[]} [[^^]] []
2020-06-20 19:36:54 [[^^]] ERROR [[^^]] Error message(1054): Unknown column 'mode' in 'where clause' [[^^]] [] [[^^]] []
2020-06-20 19:36:54 [[^^]] ERROR [[^^]] execSqlOneRow => SELECT * FROM DY_CUSTOM_REPORT_ITEM WHERE idx = mode [[^^]] {"path":"/settle/custom_report_ajax.php","querystring":null,"postdata":{"mode":"createReport","report_data":"user_template=&user_template_name=&1=2020-03-23&2=2020-06-20&16="},"SQLSTATE":[],"CODE":[],"MESSAGE":[]} [[^^]] []
2020-06-20 19:37:32 [[^^]] ERROR [[^^]] Error message(1054): Unknown column 'mode' in 'where clause' [[^^]] [] [[^^]] []
2020-06-20 19:37:32 [[^^]] ERROR [[^^]] execSqlOneRow => SELECT * FROM DY_CUSTOM_REPORT_ITEM WHERE idx = mode [[^^]] {"path":"/settle/custom_report_ajax.php","querystring":null,"postdata":{"mode":"createReport","report_data":"user_template=&user_template_name=&1=2020-03-23&2=2020-06-20&16="},"SQLSTATE":[],"CODE":[],"MESSAGE":[]} [[^^]] []
