2020-06-21 11:09:39 [[^^]] ERROR [[^^]] Error message(1064): You have an error in your SQL syntax; check the manual that corresponds to your MySQL server version for the right syntax to use near '' at line 1 [[^^]] [] [[^^]] []
2020-06-21 11:09:39 [[^^]] ERROR [[^^]] execSqlOneCol => SELECT owner_member FROM DY_CUSTOM_REPORT_TEMPLATE WHERE idx =  [[^^]] {"path":"/settle/custom_report_ajax.php","querystring":null,"postdata":{"mode":"deleteTemplate","idx":""},"SQLSTATE":[],"CODE":[],"MESSAGE":[]} [[^^]] []
2020-06-21 11:11:17 [[^^]] ERROR [[^^]] Error message(0):  [[^^]] [] [[^^]] []
2020-06-21 11:11:17 [[^^]] ERROR [[^^]] execSqlList =>  [[^^]] {"path":"/settle/custom_report_ajax.php","querystring":null,"postdata":{"mode":"createReport","report_data":"user_template=&user_template_name=&1=2020-06-21&2=2020-06-21"},"SQLSTATE":[],"CODE":[],"MESSAGE":[]} [[^^]] []
2020-06-21 11:32:24 [[^^]] ERROR [[^^]] Error message(1064): You have an error in your SQL syntax; check the manual that corresponds to your MySQL server version for the right syntax to use near 'is_del =N'N'' at line 1 [[^^]] [] [[^^]] []
2020-06-21 11:32:24 [[^^]] ERROR [[^^]] execSqlList => Select items from dy_custom_report_template where idx = 15 is_del =N'N' [[^^]] {"path":"/settle/custom_report_ajax.php","querystring":null,"postdata":{"mode":"searchTemplate","idx":"15"},"SQLSTATE":[],"CODE":[],"MESSAGE":[]} [[^^]] []
2020-06-21 11:34:50 [[^^]] ERROR [[^^]] Error message(1064): You have an error in your SQL syntax; check the manual that corresponds to your MySQL server version for the right syntax to use near 'is_del =N'N'' at line 1 [[^^]] [] [[^^]] []
2020-06-21 11:34:50 [[^^]] ERROR [[^^]] execSqlList => Select items from dy_custom_report_template where idx =N'16'is_del =N'N' [[^^]] {"path":"/settle/custom_report_ajax.php","querystring":null,"postdata":{"mode":"searchTemplate","idx":"16"},"SQLSTATE":[],"CODE":[],"MESSAGE":[]} [[^^]] []
2020-06-21 11:35:08 [[^^]] ERROR [[^^]] Error message(1064): You have an error in your SQL syntax; check the manual that corresponds to your MySQL server version for the right syntax to use near 'is_del =N'N'' at line 1 [[^^]] [] [[^^]] []
2020-06-21 11:35:08 [[^^]] ERROR [[^^]] execSqlList => Select items from dy_custom_report_template where idx =N'15'is_del =N'N' [[^^]] {"path":"/settle/custom_report_ajax.php","querystring":null,"postdata":{"mode":"searchTemplate","idx":"15"},"SQLSTATE":[],"CODE":[],"MESSAGE":[]} [[^^]] []
2020-06-21 14:47:44 [[^^]] ERROR [[^^]] Error message(0):  [[^^]] [] [[^^]] []
2020-06-21 14:47:44 [[^^]] ERROR [[^^]] execSqlList =>  [[^^]] {"path":"/settle/custom_report_ajax.php","querystring":null,"postdata":{"mode":"createReport","report_data":"user_template=44&user_template_name=&1=2020-06-21&2=2020-06-21&33=8500&19=&36="},"SQLSTATE":[],"CODE":[],"MESSAGE":[]} [[^^]] []
2020-06-21 15:25:41 [[^^]] ERROR [[^^]] Error message(1054): Unknown column 'user_template' in 'where clause' [[^^]] [] [[^^]] []
2020-06-21 15:25:41 [[^^]] ERROR [[^^]] execSqlOneRow => SELECT * FROM DY_CUSTOM_REPORT_ITEM WHERE idx = user_template [[^^]] {"path":"/settle/custom_report_xls_down.php","querystring":"param%5B%5D=user_template%3D%26user_template_name%3D%261%3D2020-03-24%262%3D2020-06-21%2616%3D","postdata":[],"SQLSTATE":[],"CODE":[],"MESSAGE":[]} [[^^]] []
2020-06-21 15:26:21 [[^^]] ERROR [[^^]] Error message(1054): Unknown column 'user_template' in 'where clause' [[^^]] [] [[^^]] []
2020-06-21 15:26:21 [[^^]] ERROR [[^^]] execSqlOneRow => SELECT * FROM DY_CUSTOM_REPORT_ITEM WHERE idx = user_template [[^^]] {"path":"/settle/custom_report_xls_down.php","querystring":"param%5B%5D=user_template%3D%26user_template_name%3D%261%3D2020-03-24%262%3D2020-06-21%2616%3D","postdata":[],"SQLSTATE":[],"CODE":[],"MESSAGE":[]} [[^^]] []
2020-06-21 15:27:06 [[^^]] ERROR [[^^]] Error message(1054): Unknown column 'user_template' in 'where clause' [[^^]] [] [[^^]] []
2020-06-21 15:27:06 [[^^]] ERROR [[^^]] execSqlOneRow => SELECT * FROM DY_CUSTOM_REPORT_ITEM WHERE idx = user_template [[^^]] {"path":"/settle/custom_report_xls_down.php","querystring":"param%5B%5D=user_template%3D%26user_template_name%3D%261%3D2020-03-24%262%3D2020-06-21%2616%3D","postdata":[],"SQLSTATE":[],"CODE":[],"MESSAGE":[]} [[^^]] []
2020-06-21 15:27:10 [[^^]] ERROR [[^^]] Error message(0):  [[^^]] [] [[^^]] []
2020-06-21 15:27:10 [[^^]] ERROR [[^^]] execSqlList => Array [[^^]] {"path":"/settle/custom_report_xls_down.php","querystring":"param%5B%5D=user_template%3D%26user_template_name%3D%261%3D2020-03-24%262%3D2020-06-21%2616%3D","postdata":[],"SQLSTATE":[],"CODE":[],"MESSAGE":[]} [[^^]] []
2020-06-21 15:27:30 [[^^]] ERROR [[^^]] Error message(0):  [[^^]] [] [[^^]] []
2020-06-21 15:27:30 [[^^]] ERROR [[^^]] execSqlList => Array [[^^]] {"path":"/settle/custom_report_xls_down.php","querystring":"param%5B%5D=user_template%3D%26user_template_name%3D%261%3D2020-03-24%262%3D2020-06-21%2616%3D","postdata":[],"SQLSTATE":[],"CODE":[],"MESSAGE":[]} [[^^]] []
2020-06-21 15:28:19 [[^^]] ERROR [[^^]] Error message(0):  [[^^]] [] [[^^]] []
2020-06-21 15:28:19 [[^^]] ERROR [[^^]] execSqlList => Array [[^^]] {"path":"/settle/custom_report_xls_down.php","querystring":"param%5B%5D=user_template%3D%26user_template_name%3D%261%3D2020-03-24%262%3D2020-06-21%2616%3D","postdata":[],"SQLSTATE":[],"CODE":[],"MESSAGE":[]} [[^^]] []
